check all nodes
Set marker for reboot-detection
sk110
sk111
Load Modules
sk110
rmmod wlan_xauth
rmmod wlan_wep
rmmod wlan_tkip
rmmod wlan_scan_ap
rmmod wlan_scan_sta
rmmod wlan_ccmp
rmmod wlan_acl
rmmod ath_pci
rmmod ath_rate_sample
rmmod wlan
rmmod ath_hal
sk111
rmmod wlan_xauth
rmmod wlan_wep
rmmod wlan_tkip
rmmod wlan_scan_ap
rmmod wlan_scan_sta
rmmod wlan_ccmp
rmmod wlan_acl
rmmod ath_pci
rmmod ath_rate_sample
rmmod wlan
rmmod ath_hal
sk110
insmod ath_hal.ko
insmod wlan.ko
insmod ath_rate_sample.ko
insmod wlan_acl.ko
insmod wlan_ccmp.ko
insmod wlan_scan_ap.ko
insmod wlan_scan_sta.ko
insmod wlan_tkip.ko
insmod wlan_wep.ko
insmod wlan_xauth.ko
insmod ath_pci autocreate=none outdoor=1 xchanmode=1 countrycode=395 hal_tpc=1
sk111
insmod ath_hal.ko
insmod wlan.ko
insmod ath_rate_sample.ko
insmod wlan_acl.ko
insmod wlan_ccmp.ko
insmod wlan_scan_ap.ko
insmod wlan_scan_sta.ko
insmod wlan_tkip.ko
insmod wlan_wep.ko
insmod wlan_xauth.ko
insmod ath_pci autocreate=none outdoor=1 xchanmode=1 countrycode=395 hal_tpc=1
Setup Wifi
create sk110 ath0 with monitor.b.channel14
/usr/sbin/wlanconfig ath0 create wlandev wifi0 wlanmode monitor
ath0
create sk111 ath0 with monitor.b.channel14
/usr/sbin/wlanconfig ath0 create wlandev wifi0 wlanmode monitor
ath0
config sk110 ath0
/sbin/ifconfig ath0 up
config sk111 ath0
/sbin/ifconfig ath0 up
config sk110 ath0
/usr/sbin/iwconfig ath0 channel 14
/usr/sbin/iwconfig ath0 txpower 7
echo "0" > /proc/sys/dev/wifi0/diversity
sysctl -w dev.wifi0.txantenna=1
dev.wifi0.txantenna = 1
sysctl -w dev.wifi0.rxantenna=1
dev.wifi0.rxantenna = 1
echo 805 > /proc/sys/net/ath0/dev_type
sysctl -w dev.wifi0.intmit=0
dev.wifi0.intmit = 0
echo  "1" > /proc/sys/net/ath0/monitor_crc_errors
echo "1" > /proc/sys/net/ath0/monitor_phy_errors
iwpriv ath0 macclone 1
config sk111 ath0
/usr/sbin/iwconfig ath0 channel 14
/usr/sbin/iwconfig ath0 txpower 7
echo "0" > /proc/sys/dev/wifi0/diversity
sysctl -w dev.wifi0.txantenna=1
dev.wifi0.txantenna = 1
sysctl -w dev.wifi0.rxantenna=1
dev.wifi0.rxantenna = 1
echo 805 > /proc/sys/net/ath0/dev_type
sysctl -w dev.wifi0.intmit=0
dev.wifi0.intmit = 0
echo  "1" > /proc/sys/net/ath0/monitor_crc_errors
echo "1" > /proc/sys/net/ath0/monitor_phy_errors
iwpriv ath0 macclone 1
Get Wifiinfo
Deviceconfig for sk110:ath0
config sk110 ath0
ath0      IEEE 802.11b  ESSID:""  Nickname:""
          Mode:Monitor  Frequency:2.484 GHz  Access Point: 06:0C:42:0C:85:F4   
          Bit Rate:0 kb/s   Tx-Power=7 dBm   Sensitivity=1/1  
          Retry:off   RTS thr:off   Fragment thr:off
          Encryption key:off
          Power Management:off
          Link Quality=0/70  Signal level=-97 dBm  Noise level=-97 dBm
          Rx invalid nwid:0  Rx invalid crypt:0  Rx invalid frag:0
          Tx excessive retries:0  Invalid misc:0   Missed beacon:0

Deviceconfig for sk111:ath0
config sk111 ath0
ath0      IEEE 802.11b  ESSID:""  Nickname:""
          Mode:Monitor  Frequency:2.484 GHz  Access Point: 06:0C:42:0C:74:0E   
          Bit Rate:0 kb/s   Tx-Power=7 dBm   Sensitivity=1/1  
          Retry:off   RTS thr:off   Fragment thr:off
          Encryption key:off
          Power Management:off
          Link Quality=0/70  Signal level=-98 dBm  Noise level=-98 dBm
          Rx invalid nwid:0  Rx invalid crypt:0  Rx invalid frag:0
          Tx excessive retries:0  Invalid misc:0   Missed beacon:0

Wait for 15 sec
Finished measurement. Status: ok.
